[2013-10-26 11:54:44] request: https://sp-money.yandex.ru/oauth/token; 
[2013-10-26 11:54:44] response: https://sp-money.yandex.ru/oauth/token; http_code = 200; curl_errno = 0; curl_error = 
[2013-10-26 11:56:49] request: https://sp-money.yandex.ru/oauth/token; 
[2013-10-26 11:56:49] response: https://sp-money.yandex.ru/oauth/token; http_code = 200; curl_errno = 0; curl_error = 
[2013-10-26 12:04:12] request: https://sp-money.yandex.ru/oauth/token; 
[2013-10-26 12:04:12] response: https://sp-money.yandex.ru/oauth/token; http_code = 200; curl_errno = 0; curl_error = 
[2013-10-26 13:05:26] request: https://sp-money.yandex.ru/oauth/token; 
[2013-10-26 13:05:26] response: https://sp-money.yandex.ru/oauth/token; http_code = 200; curl_errno = 0; curl_error = 
[2013-10-26 13:18:39] request: https://sp-money.yandex.ru/oauth/token; 
[2013-10-26 13:18:40] response: https://sp-money.yandex.ru/oauth/token; http_code = 200; curl_errno = 0; curl_error = 
[2013-10-26 13:19:19] request: https://sp-money.yandex.ru/oauth/token; 
[2013-10-26 13:19:19] response: https://sp-money.yandex.ru/oauth/token; http_code = 200; curl_errno = 0; curl_error = 
[2013-10-26 13:19:19] request: https://money.yandex.ru/api/request-payment; token = *41CD; param to = *8006; param pattern_id = p2p; 
[2013-10-26 13:19:20] response: https://money.yandex.ru/api/request-payment; token = *41CD; param to = *8006; param pattern_id = p2p; http_code = 200; curl_errno = 0; curl_error = 
[2013-10-26 13:19:20] request: https://money.yandex.ru/api/process-payment; token = *41CD; param request_id = *3238; 
[2013-10-26 13:19:21] response: https://money.yandex.ru/api/process-payment; token = *41CD; param request_id = *3238; http_code = 200; curl_errno = 0; curl_error = 
[2013-10-26 14:09:06] request: https://sp-money.yandex.ru/oauth/token; 
[2013-10-26 14:09:06] response: https://sp-money.yandex.ru/oauth/token; http_code = 200; curl_errno = 0; curl_error = 
[2013-10-26 14:11:30] request: https://sp-money.yandex.ru/oauth/token; 
[2013-10-26 14:11:30] response: https://sp-money.yandex.ru/oauth/token; http_code = 200; curl_errno = 0; curl_error = 
[2013-10-26 14:11:30] request: https://money.yandex.ru/api/request-payment; token = *F7ED; param to = *8006; param pattern_id = p2p; 
[2013-10-26 14:11:31] response: https://money.yandex.ru/api/request-payment; token = *F7ED; param to = *8006; param pattern_id = p2p; http_code = 200; curl_errno = 0; curl_error = 
[2013-10-26 14:11:31] request: https://money.yandex.ru/api/process-payment; token = *F7ED; param request_id = *3238; 
[2013-10-26 14:11:32] response: https://money.yandex.ru/api/process-payment; token = *F7ED; param request_id = *3238; http_code = 200; curl_errno = 0; curl_error = 
[2013-10-26 14:12:08] request: https://sp-money.yandex.ru/oauth/token; 
[2013-10-26 14:12:08] response: https://sp-money.yandex.ru/oauth/token; http_code = 200; curl_errno = 0; curl_error = 
[2013-10-26 14:13:22] request: https://sp-money.yandex.ru/oauth/token; 
[2013-10-26 14:13:23] response: https://sp-money.yandex.ru/oauth/token; http_code = 200; curl_errno = 0; curl_error = 
[2013-10-26 14:13:23] request: https://money.yandex.ru/api/request-payment; token = *62F6; param to = *8006; param pattern_id = p2p; 
[2013-10-26 14:13:23] response: https://money.yandex.ru/api/request-payment; token = *62F6; param to = *8006; param pattern_id = p2p; http_code = 200; curl_errno = 0; curl_error = 
[2013-10-26 14:13:23] request: https://money.yandex.ru/api/process-payment; token = *62F6; param request_id = *3238; 
[2013-10-26 14:13:24] response: https://money.yandex.ru/api/process-payment; token = *62F6; param request_id = *3238; http_code = 200; curl_errno = 0; curl_error = 
[2013-10-26 14:14:41] request: https://sp-money.yandex.ru/oauth/token; 
[2013-10-26 14:14:41] response: https://sp-money.yandex.ru/oauth/token; http_code = 200; curl_errno = 0; curl_error = 
[2013-10-26 14:14:41] request: https://money.yandex.ru/api/request-payment; token = *7A31; param to = *8006; param pattern_id = p2p; 
[2013-10-26 14:14:42] response: https://money.yandex.ru/api/request-payment; token = *7A31; param to = *8006; param pattern_id = p2p; http_code = 200; curl_errno = 0; curl_error = 
[2013-10-26 14:14:42] request: https://money.yandex.ru/api/process-payment; token = *7A31; param request_id = *3238; 
[2013-10-26 14:14:42] response: https://money.yandex.ru/api/process-payment; token = *7A31; param request_id = *3238; http_code = 200; curl_errno = 0; curl_error = 
[2013-10-26 14:17:05] request: https://sp-money.yandex.ru/oauth/token; 
[2013-10-26 14:17:05] response: https://sp-money.yandex.ru/oauth/token; http_code = 200; curl_errno = 0; curl_error = 
[2013-10-26 14:17:05] request: https://money.yandex.ru/api/request-payment; token = *DB1E; param to = *8006; param pattern_id = p2p; 
[2013-10-26 14:17:06] response: https://money.yandex.ru/api/request-payment; token = *DB1E; param to = *8006; param pattern_id = p2p; http_code = 200; curl_errno = 0; curl_error = 
[2013-10-26 14:17:06] request: https://money.yandex.ru/api/process-payment; token = *DB1E; param request_id = *3238; 
[2013-10-26 14:17:06] response: https://money.yandex.ru/api/process-payment; token = *DB1E; param request_id = *3238; http_code = 200; curl_errno = 0; curl_error = 
[2013-10-26 14:17:47] request: https://sp-money.yandex.ru/oauth/token; 
[2013-10-26 14:17:47] response: https://sp-money.yandex.ru/oauth/token; http_code = 200; curl_errno = 0; curl_error = 
[2013-10-26 14:17:47] request: https://money.yandex.ru/api/request-payment; token = *0A94; param to = *8006; param pattern_id = p2p; 
[2013-10-26 14:17:47] response: https://money.yandex.ru/api/request-payment; token = *0A94; param to = *8006; param pattern_id = p2p; http_code = 200; curl_errno = 0; curl_error = 
[2013-10-26 14:17:47] request: https://money.yandex.ru/api/process-payment; token = *0A94; param request_id = *3238; 
[2013-10-26 14:17:48] response: https://money.yandex.ru/api/process-payment; token = *0A94; param request_id = *3238; http_code = 200; curl_errno = 0; curl_error = 
[2013-10-26 14:19:06] request: https://sp-money.yandex.ru/oauth/token; 
[2013-10-26 14:19:06] response: https://sp-money.yandex.ru/oauth/token; http_code = 200; curl_errno = 0; curl_error = 
[2013-10-26 14:19:06] request: https://money.yandex.ru/api/request-payment; token = *BE7D; param to = *8006; param pattern_id = p2p; 
[2013-10-26 14:19:07] response: https://money.yandex.ru/api/request-payment; token = *BE7D; param to = *8006; param pattern_id = p2p; http_code = 200; curl_errno = 0; curl_error = 
[2013-10-26 14:19:07] request: https://money.yandex.ru/api/process-payment; token = *BE7D; param request_id = *3238; 
[2013-10-26 14:19:08] response: https://money.yandex.ru/api/process-payment; token = *BE7D; param request_id = *3238; http_code = 200; curl_errno = 0; curl_error = 
[2013-10-26 14:20:20] request: https://sp-money.yandex.ru/oauth/token; 
[2013-10-26 14:20:20] response: https://sp-money.yandex.ru/oauth/token; http_code = 200; curl_errno = 0; curl_error = 
[2013-10-26 14:20:20] request: https://money.yandex.ru/api/request-payment; token = *363C; param to = *8006; param pattern_id = p2p; 
[2013-10-26 14:20:21] response: https://money.yandex.ru/api/request-payment; token = *363C; param to = *8006; param pattern_id = p2p; http_code = 200; curl_errno = 0; curl_error = 
[2013-10-26 14:20:21] request: https://money.yandex.ru/api/process-payment; token = *363C; param request_id = *3238; 
[2013-10-26 14:20:21] response: https://money.yandex.ru/api/process-payment; token = *363C; param request_id = *3238; http_code = 200; curl_errno = 0; curl_error = 
[2013-10-26 14:23:46] request: https://sp-money.yandex.ru/oauth/token; 
[2013-10-26 14:23:47] response: https://sp-money.yandex.ru/oauth/token; http_code = 200; curl_errno = 0; curl_error = 
[2013-10-26 14:23:47] request: https://money.yandex.ru/api/request-payment; token = *0586; param to = *8006; param pattern_id = p2p; 
[2013-10-26 14:23:47] response: https://money.yandex.ru/api/request-payment; token = *0586; param to = *8006; param pattern_id = p2p; http_code = 200; curl_errno = 0; curl_error = 
[2013-10-26 14:23:47] request: https://money.yandex.ru/api/process-payment; token = *0586; param request_id = *3238; 
[2013-10-26 14:23:48] response: https://money.yandex.ru/api/process-payment; token = *0586; param request_id = *3238; http_code = 200; curl_errno = 0; curl_error = 
[2013-10-26 14:24:50] request: https://sp-money.yandex.ru/oauth/token; 
[2013-10-26 14:24:50] response: https://sp-money.yandex.ru/oauth/token; http_code = 200; curl_errno = 0; curl_error = 
[2013-10-26 14:24:50] request: https://money.yandex.ru/api/request-payment; token = *61FA; param to = *8006; param pattern_id = p2p; 
[2013-10-26 14:24:51] response: https://money.yandex.ru/api/request-payment; token = *61FA; param to = *8006; param pattern_id = p2p; http_code = 200; curl_errno = 0; curl_error = 
[2013-10-26 14:24:51] request: https://money.yandex.ru/api/process-payment; token = *61FA; param request_id = *3238; 
[2013-10-26 14:24:51] response: https://money.yandex.ru/api/process-payment; token = *61FA; param request_id = *3238; http_code = 200; curl_errno = 0; curl_error = 
[2013-10-26 14:25:26] request: https://sp-money.yandex.ru/oauth/token; 
[2013-10-26 14:25:27] response: https://sp-money.yandex.ru/oauth/token; http_code = 200; curl_errno = 0; curl_error = 
[2013-10-26 14:25:27] request: https://money.yandex.ru/api/request-payment; token = *9BA8; param to = *8006; param pattern_id = p2p; 
[2013-10-26 14:25:27] response: https://money.yandex.ru/api/request-payment; token = *9BA8; param to = *8006; param pattern_id = p2p; http_code = 200; curl_errno = 0; curl_error = 
[2013-10-26 14:25:27] request: https://money.yandex.ru/api/process-payment; token = *9BA8; param request_id = *3238; 
[2013-10-26 14:25:28] response: https://money.yandex.ru/api/process-payment; token = *9BA8; param request_id = *3238; http_code = 200; curl_errno = 0; curl_error = 
[2013-10-26 14:26:34] request: https://sp-money.yandex.ru/oauth/token; 
[2013-10-26 14:26:34] response: https://sp-money.yandex.ru/oauth/token; http_code = 200; curl_errno = 0; curl_error = 
[2013-10-26 14:26:34] request: https://money.yandex.ru/api/request-payment; token = *1C39; param to = *8006; param pattern_id = p2p; 
[2013-10-26 14:26:35] response: https://money.yandex.ru/api/request-payment; token = *1C39; param to = *8006; param pattern_id = p2p; http_code = 200; curl_errno = 0; curl_error = 
[2013-10-26 14:26:35] request: https://money.yandex.ru/api/process-payment; token = *1C39; param request_id = *3238; 
[2013-10-26 14:26:35] response: https://money.yandex.ru/api/process-payment; token = *1C39; param request_id = *3238; http_code = 200; curl_errno = 0; curl_error = 
[2013-10-26 14:27:23] request: https://sp-money.yandex.ru/oauth/token; 
[2013-10-26 14:27:24] response: https://sp-money.yandex.ru/oauth/token; http_code = 200; curl_errno = 0; curl_error = 
[2013-10-26 14:27:24] request: https://money.yandex.ru/api/request-payment; token = *5039; param to = *8006; param pattern_id = p2p; 
[2013-10-26 14:27:24] response: https://money.yandex.ru/api/request-payment; token = *5039; param to = *8006; param pattern_id = p2p; http_code = 200; curl_errno = 0; curl_error = 
[2013-10-26 14:27:24] request: https://money.yandex.ru/api/process-payment; token = *5039; param request_id = *3238; 
[2013-10-26 14:27:25] response: https://money.yandex.ru/api/process-payment; token = *5039; param request_id = *3238; http_code = 200; curl_errno = 0; curl_error = 
[2013-10-26 14:27:59] request: https://sp-money.yandex.ru/oauth/token; 
[2013-10-26 14:27:59] response: https://sp-money.yandex.ru/oauth/token; http_code = 200; curl_errno = 0; curl_error = 
[2013-10-26 14:27:59] request: https://money.yandex.ru/api/request-payment; token = *B2F8; param to = *8006; param pattern_id = p2p; 
[2013-10-26 14:28:00] response: https://money.yandex.ru/api/request-payment; token = *B2F8; param to = *8006; param pattern_id = p2p; http_code = 200; curl_errno = 0; curl_error = 
[2013-10-26 14:28:00] request: https://money.yandex.ru/api/process-payment; token = *B2F8; param request_id = *3238; 
[2013-10-26 14:28:00] response: https://money.yandex.ru/api/process-payment; token = *B2F8; param request_id = *3238; http_code = 200; curl_errno = 0; curl_error = 
[2013-10-26 14:28:37] request: https://sp-money.yandex.ru/oauth/token; 
[2013-10-26 14:28:38] response: https://sp-money.yandex.ru/oauth/token; http_code = 200; curl_errno = 0; curl_error = 
[2013-10-26 14:28:38] request: https://money.yandex.ru/api/request-payment; token = *15C7; param to = *8006; param pattern_id = p2p; 
[2013-10-26 14:28:38] response: https://money.yandex.ru/api/request-payment; token = *15C7; param to = *8006; param pattern_id = p2p; http_code = 200; curl_errno = 0; curl_error = 
[2013-10-26 14:28:38] request: https://money.yandex.ru/api/process-payment; token = *15C7; param request_id = *3238; 
[2013-10-26 14:28:39] response: https://money.yandex.ru/api/process-payment; token = *15C7; param request_id = *3238; http_code = 200; curl_errno = 0; curl_error = 
[2013-10-26 14:30:40] request: https://sp-money.yandex.ru/oauth/token; 
[2013-10-26 14:30:40] response: https://sp-money.yandex.ru/oauth/token; http_code = 200; curl_errno = 0; curl_error = 
[2013-10-26 14:30:40] request: https://money.yandex.ru/api/request-payment; token = *567E; param to = *8006; param pattern_id = p2p; 
[2013-10-26 14:30:41] response: https://money.yandex.ru/api/request-payment; token = *567E; param to = *8006; param pattern_id = p2p; http_code = 200; curl_errno = 0; curl_error = 
[2013-10-26 14:30:41] request: https://money.yandex.ru/api/process-payment; token = *567E; param request_id = *3238; 
[2013-10-26 14:30:42] response: https://money.yandex.ru/api/process-payment; token = *567E; param request_id = *3238; http_code = 200; curl_errno = 0; curl_error = 
[2013-10-26 14:33:07] request: https://sp-money.yandex.ru/oauth/token; 
[2013-10-26 14:33:07] response: https://sp-money.yandex.ru/oauth/token; http_code = 200; curl_errno = 0; curl_error = 
[2013-10-26 14:33:07] request: https://money.yandex.ru/api/request-payment; token = *1F05; param to = *8006; param pattern_id = p2p; 
[2013-10-26 14:33:07] response: https://money.yandex.ru/api/request-payment; token = *1F05; param to = *8006; param pattern_id = p2p; http_code = 200; curl_errno = 0; curl_error = 
[2013-10-26 14:33:07] request: https://money.yandex.ru/api/process-payment; token = *1F05; param request_id = *3238; 
[2013-10-26 14:33:08] response: https://money.yandex.ru/api/process-payment; token = *1F05; param request_id = *3238; http_code = 200; curl_errno = 0; curl_error = 
[2013-10-26 14:33:40] request: https://sp-money.yandex.ru/oauth/token; 
[2013-10-26 14:33:40] response: https://sp-money.yandex.ru/oauth/token; http_code = 200; curl_errno = 0; curl_error = 
[2013-10-26 14:33:40] request: https://money.yandex.ru/api/request-payment; token = *0F1E; param to = *8006; param pattern_id = p2p; 
[2013-10-26 14:33:41] response: https://money.yandex.ru/api/request-payment; token = *0F1E; param to = *8006; param pattern_id = p2p; http_code = 200; curl_errno = 0; curl_error = 
[2013-10-26 14:33:41] request: https://money.yandex.ru/api/process-payment; token = *0F1E; param request_id = *3238; 
[2013-10-26 14:33:41] response: https://money.yandex.ru/api/process-payment; token = *0F1E; param request_id = *3238; http_code = 200; curl_errno = 0; curl_error = 
[2013-10-26 14:34:30] request: https://sp-money.yandex.ru/oauth/token; 
[2013-10-26 14:34:30] response: https://sp-money.yandex.ru/oauth/token; http_code = 200; curl_errno = 0; curl_error = 
[2013-10-26 14:34:30] request: https://money.yandex.ru/api/request-payment; token = *7E27; param to = *8006; param pattern_id = p2p; 
[2013-10-26 14:34:30] response: https://money.yandex.ru/api/request-payment; token = *7E27; param to = *8006; param pattern_id = p2p; http_code = 200; curl_errno = 0; curl_error = 
[2013-10-26 14:34:30] request: https://money.yandex.ru/api/process-payment; token = *7E27; param request_id = *3238; 
[2013-10-26 14:34:31] response: https://money.yandex.ru/api/process-payment; token = *7E27; param request_id = *3238; http_code = 200; curl_errno = 0; curl_error = 
[2013-10-26 14:35:31] request: https://sp-money.yandex.ru/oauth/token; 
[2013-10-26 14:35:31] response: https://sp-money.yandex.ru/oauth/token; http_code = 200; curl_errno = 0; curl_error = 
[2013-10-26 14:35:31] request: https://money.yandex.ru/api/request-payment; token = *60AD; param to = *8006; param pattern_id = p2p; 
[2013-10-26 14:35:32] response: https://money.yandex.ru/api/request-payment; token = *60AD; param to = *8006; param pattern_id = p2p; http_code = 200; curl_errno = 0; curl_error = 
[2013-10-26 14:35:32] request: https://money.yandex.ru/api/process-payment; token = *60AD; param request_id = *3238; 
[2013-10-26 14:35:32] response: https://money.yandex.ru/api/process-payment; token = *60AD; param request_id = *3238; http_code = 200; curl_errno = 0; curl_error = 
[2013-10-26 14:37:42] request: https://sp-money.yandex.ru/oauth/token; 
[2013-10-26 14:37:43] response: https://sp-money.yandex.ru/oauth/token; http_code = 200; curl_errno = 0; curl_error = 
[2013-10-26 14:37:43] request: https://money.yandex.ru/api/request-payment; token = *2644; param to = *8006; param pattern_id = p2p; 
[2013-10-26 14:37:43] response: https://money.yandex.ru/api/request-payment; token = *2644; param to = *8006; param pattern_id = p2p; http_code = 200; curl_errno = 0; curl_error = 
[2013-10-26 14:37:43] request: https://money.yandex.ru/api/process-payment; token = *2644; param request_id = *3238; 
[2013-10-26 14:37:44] response: https://money.yandex.ru/api/process-payment; token = *2644; param request_id = *3238; http_code = 200; curl_errno = 0; curl_error = 
[2013-10-26 14:38:02] request: https://sp-money.yandex.ru/oauth/token; 
[2013-10-26 14:38:02] response: https://sp-money.yandex.ru/oauth/token; http_code = 200; curl_errno = 0; curl_error = 
[2013-10-26 14:44:11] request: https://sp-money.yandex.ru/oauth/token; 
[2013-10-26 14:44:11] response: https://sp-money.yandex.ru/oauth/token; http_code = 200; curl_errno = 0; curl_error = 
[2013-10-26 14:44:11] request: https://money.yandex.ru/api/request-payment; token = *9AA9; param to = *8006; param pattern_id = p2p; 
[2013-10-26 14:44:11] response: https://money.yandex.ru/api/request-payment; token = *9AA9; param to = *8006; param pattern_id = p2p; http_code = 200; curl_errno = 0; curl_error = 
[2013-10-26 14:44:11] request: https://money.yandex.ru/api/process-payment; token = *9AA9; param request_id = *3238; 
[2013-10-26 14:44:12] response: https://money.yandex.ru/api/process-payment; token = *9AA9; param request_id = *3238; http_code = 200; curl_errno = 0; curl_error = 
[2013-10-26 14:44:44] request: https://sp-money.yandex.ru/oauth/token; 
[2013-10-26 14:44:45] response: https://sp-money.yandex.ru/oauth/token; http_code = 200; curl_errno = 0; curl_error = 
[2013-10-26 14:44:45] request: https://money.yandex.ru/api/request-payment; token = *3F47; param to = *8006; param pattern_id = p2p; 
[2013-10-26 14:44:45] response: https://money.yandex.ru/api/request-payment; token = *3F47; param to = *8006; param pattern_id = p2p; http_code = 200; curl_errno = 0; curl_error = 
[2013-10-26 14:44:45] request: https://money.yandex.ru/api/process-payment; token = *3F47; param request_id = *3238; 
[2013-10-26 14:44:46] response: https://money.yandex.ru/api/process-payment; token = *3F47; param request_id = *3238; http_code = 200; curl_errno = 0; curl_error = 
[2013-10-26 14:47:27] request: https://sp-money.yandex.ru/oauth/token; 
[2013-10-26 14:47:28] response: https://sp-money.yandex.ru/oauth/token; http_code = 200; curl_errno = 0; curl_error = 
[2013-10-26 14:47:28] request: https://money.yandex.ru/api/request-payment; token = *3C27; param to = *8006; param pattern_id = p2p; 
[2013-10-26 14:47:28] response: https://money.yandex.ru/api/request-payment; token = *3C27; param to = *8006; param pattern_id = p2p; http_code = 200; curl_errno = 0; curl_error = 
[2013-10-26 14:47:28] request: https://money.yandex.ru/api/process-payment; token = *3C27; param request_id = *3238; 
[2013-10-26 14:47:29] response: https://money.yandex.ru/api/process-payment; token = *3C27; param request_id = *3238; http_code = 200; curl_errno = 0; curl_error = 
[2013-10-26 14:49:51] request: https://sp-money.yandex.ru/oauth/token; 
[2013-10-26 14:49:51] response: https://sp-money.yandex.ru/oauth/token; http_code = 200; curl_errno = 0; curl_error = 
[2013-10-26 14:49:51] request: https://money.yandex.ru/api/request-payment; token = *BD03; param to = *8006; param pattern_id = p2p; 
[2013-10-26 14:49:52] response: https://money.yandex.ru/api/request-payment; token = *BD03; param to = *8006; param pattern_id = p2p; http_code = 200; curl_errno = 0; curl_error = 
[2013-10-26 14:49:52] request: https://money.yandex.ru/api/process-payment; token = *BD03; param request_id = *3238; 
[2013-10-26 14:49:52] response: https://money.yandex.ru/api/process-payment; token = *BD03; param request_id = *3238; http_code = 200; curl_errno = 0; curl_error = 
[2013-10-26 14:50:44] request: https://sp-money.yandex.ru/oauth/token; 
[2013-10-26 14:50:45] response: https://sp-money.yandex.ru/oauth/token; http_code = 200; curl_errno = 0; curl_error = 
[2013-10-26 14:50:45] request: https://money.yandex.ru/api/request-payment; token = *E812; param to = *8006; param pattern_id = p2p; 
[2013-10-26 14:50:45] response: https://money.yandex.ru/api/request-payment; token = *E812; param to = *8006; param pattern_id = p2p; http_code = 200; curl_errno = 0; curl_error = 
[2013-10-26 14:50:45] request: https://money.yandex.ru/api/process-payment; token = *E812; param request_id = *3238; 
[2013-10-26 14:50:46] response: https://money.yandex.ru/api/process-payment; token = *E812; param request_id = *3238; http_code = 200; curl_errno = 0; curl_error = 
[2013-10-26 14:51:12] request: https://sp-money.yandex.ru/oauth/token; 
[2013-10-26 14:51:13] response: https://sp-money.yandex.ru/oauth/token; http_code = 200; curl_errno = 0; curl_error = 
[2013-10-26 14:51:13] request: https://money.yandex.ru/api/request-payment; token = *7641; param to = *8006; param pattern_id = p2p; 
[2013-10-26 14:51:13] response: https://money.yandex.ru/api/request-payment; token = *7641; param to = *8006; param pattern_id = p2p; http_code = 200; curl_errno = 0; curl_error = 
[2013-10-26 14:51:13] request: https://money.yandex.ru/api/process-payment; token = *7641; param request_id = *3238; 
[2013-10-26 14:51:14] response: https://money.yandex.ru/api/process-payment; token = *7641; param request_id = *3238; http_code = 200; curl_errno = 0; curl_error = 
[2013-10-26 14:51:40] request: https://sp-money.yandex.ru/oauth/token; 
[2013-10-26 14:51:40] response: https://sp-money.yandex.ru/oauth/token; http_code = 200; curl_errno = 0; curl_error = 
[2013-10-26 14:51:40] request: https://money.yandex.ru/api/request-payment; token = *620D; param to = *8006; param pattern_id = p2p; 
[2013-10-26 14:51:41] response: https://money.yandex.ru/api/request-payment; token = *620D; param to = *8006; param pattern_id = p2p; http_code = 200; curl_errno = 0; curl_error = 
[2013-10-26 14:51:41] request: https://money.yandex.ru/api/process-payment; token = *620D; param request_id = *3238; 
[2013-10-26 14:51:42] response: https://money.yandex.ru/api/process-payment; token = *620D; param request_id = *3238; http_code = 200; curl_errno = 0; curl_error = 
[2013-10-26 14:54:26] request: https://sp-money.yandex.ru/oauth/token; 
[2013-10-26 14:54:26] response: https://sp-money.yandex.ru/oauth/token; http_code = 200; curl_errno = 0; curl_error = 
[2013-10-26 14:54:26] request: https://money.yandex.ru/api/request-payment; token = *4D4B; param to = *8006; param pattern_id = p2p; 
[2013-10-26 14:54:26] response: https://money.yandex.ru/api/request-payment; token = *4D4B; param to = *8006; param pattern_id = p2p; http_code = 200; curl_errno = 0; curl_error = 
[2013-10-26 14:54:26] request: https://money.yandex.ru/api/process-payment; token = *4D4B; param request_id = *3238; 
[2013-10-26 14:54:27] response: https://money.yandex.ru/api/process-payment; token = *4D4B; param request_id = *3238; http_code = 200; curl_errno = 0; curl_error = 
[2013-10-26 14:56:55] request: https://sp-money.yandex.ru/oauth/token; 
[2013-10-26 14:56:55] response: https://sp-money.yandex.ru/oauth/token; http_code = 200; curl_errno = 0; curl_error = 
[2013-10-26 14:56:55] request: https://money.yandex.ru/api/request-payment; token = *8C5A; param to = *8006; param pattern_id = p2p; 
[2013-10-26 14:56:55] response: https://money.yandex.ru/api/request-payment; token = *8C5A; param to = *8006; param pattern_id = p2p; http_code = 200; curl_errno = 0; curl_error = 
[2013-10-26 14:56:55] request: https://money.yandex.ru/api/process-payment; token = *8C5A; param request_id = *3238; 
[2013-10-26 14:56:56] response: https://money.yandex.ru/api/process-payment; token = *8C5A; param request_id = *3238; http_code = 200; curl_errno = 0; curl_error = 
[2013-10-26 15:02:14] request: https://sp-money.yandex.ru/oauth/token; 
[2013-10-26 15:02:14] response: https://sp-money.yandex.ru/oauth/token; http_code = 200; curl_errno = 0; curl_error = 
[2013-10-26 15:02:14] request: https://money.yandex.ru/api/request-payment; token = *ABF0; param to = *8006; param pattern_id = p2p; 
[2013-10-26 15:02:15] response: https://money.yandex.ru/api/request-payment; token = *ABF0; param to = *8006; param pattern_id = p2p; http_code = 200; curl_errno = 0; curl_error = 
[2013-10-26 15:02:15] request: https://money.yandex.ru/api/process-payment; token = *ABF0; param request_id = *3238; 
[2013-10-26 15:02:16] response: https://money.yandex.ru/api/process-payment; token = *ABF0; param request_id = *3238; http_code = 200; curl_errno = 0; curl_error = 
[2013-10-26 15:02:53] request: https://sp-money.yandex.ru/oauth/token; 
[2013-10-26 15:02:53] response: https://sp-money.yandex.ru/oauth/token; http_code = 200; curl_errno = 0; curl_error = 
[2013-10-26 15:02:53] request: https://money.yandex.ru/api/request-payment; token = *E51F; param to = *8006; param pattern_id = p2p; 
[2013-10-26 15:02:54] response: https://money.yandex.ru/api/request-payment; token = *E51F; param to = *8006; param pattern_id = p2p; http_code = 200; curl_errno = 0; curl_error = 
[2013-10-26 15:02:54] request: https://money.yandex.ru/api/process-payment; token = *E51F; param request_id = *3238; 
[2013-10-26 15:02:54] response: https://money.yandex.ru/api/process-payment; token = *E51F; param request_id = *3238; http_code = 200; curl_errno = 0; curl_error = 
[2013-10-26 15:15:07] request: https://sp-money.yandex.ru/oauth/token; 
[2013-10-26 15:15:07] response: https://sp-money.yandex.ru/oauth/token; http_code = 200; curl_errno = 0; curl_error = 
[2013-10-26 15:15:07] request: https://money.yandex.ru/api/request-payment; token = *91B0; param to = *8006; param pattern_id = p2p; 
[2013-10-26 15:15:08] response: https://money.yandex.ru/api/request-payment; token = *91B0; param to = *8006; param pattern_id = p2p; http_code = 200; curl_errno = 0; curl_error = 
[2013-10-26 15:15:08] request: https://money.yandex.ru/api/process-payment; token = *91B0; param request_id = *3238; 
[2013-10-26 15:15:09] response: https://money.yandex.ru/api/process-payment; token = *91B0; param request_id = *3238; http_code = 200; curl_errno = 0; curl_error = 
[2013-10-26 15:16:07] request: https://sp-money.yandex.ru/oauth/token; 
[2013-10-26 15:16:07] response: https://sp-money.yandex.ru/oauth/token; http_code = 200; curl_errno = 0; curl_error = 
[2013-10-26 15:16:07] request: https://money.yandex.ru/api/request-payment; token = *6F63; param to = *8006; param pattern_id = p2p; 
[2013-10-26 15:16:08] response: https://money.yandex.ru/api/request-payment; token = *6F63; param to = *8006; param pattern_id = p2p; http_code = 200; curl_errno = 0; curl_error = 
[2013-10-26 15:16:08] request: https://money.yandex.ru/api/process-payment; token = *6F63; param request_id = *3238; 
[2013-10-26 15:16:08] response: https://money.yandex.ru/api/process-payment; token = *6F63; param request_id = *3238; http_code = 200; curl_errno = 0; curl_error = 
[2013-10-26 15:17:26] request: https://sp-money.yandex.ru/oauth/token; 
[2013-10-26 15:17:27] response: https://sp-money.yandex.ru/oauth/token; http_code = 200; curl_errno = 0; curl_error = 
[2013-10-26 15:17:27] request: https://money.yandex.ru/api/request-payment; token = *06C5; param to = *8006; param pattern_id = p2p; 
[2013-10-26 15:17:27] response: https://money.yandex.ru/api/request-payment; token = *06C5; param to = *8006; param pattern_id = p2p; http_code = 200; curl_errno = 0; curl_error = 
[2013-10-26 15:17:27] request: https://money.yandex.ru/api/process-payment; token = *06C5; param request_id = *3238; 
[2013-10-26 15:17:28] response: https://money.yandex.ru/api/process-payment; token = *06C5; param request_id = *3238; http_code = 200; curl_errno = 0; curl_error = 
[2013-10-26 15:23:06] request: https://sp-money.yandex.ru/oauth/token; 
[2013-10-26 15:23:06] response: https://sp-money.yandex.ru/oauth/token; http_code = 200; curl_errno = 0; curl_error = 
[2013-10-26 15:23:06] request: https://money.yandex.ru/api/request-payment; token = *1533; param to = *8006; param pattern_id = p2p; 
[2013-10-26 15:23:07] response: https://money.yandex.ru/api/request-payment; token = *1533; param to = *8006; param pattern_id = p2p; http_code = 200; curl_errno = 0; curl_error = 
[2013-10-26 15:23:07] request: https://money.yandex.ru/api/process-payment; token = *1533; param request_id = *3238; 
[2013-10-26 15:23:07] response: https://money.yandex.ru/api/process-payment; token = *1533; param request_id = *3238; http_code = 200; curl_errno = 0; curl_error = 
[2013-10-26 15:29:35] request: https://sp-money.yandex.ru/oauth/token; 
[2013-10-26 15:29:35] response: https://sp-money.yandex.ru/oauth/token; http_code = 200; curl_errno = 0; curl_error = 
[2013-10-26 15:29:35] request: https://money.yandex.ru/api/request-payment; token = *CDDA; param to = *8006; param pattern_id = p2p; 
[2013-10-26 15:29:36] response: https://money.yandex.ru/api/request-payment; token = *CDDA; param to = *8006; param pattern_id = p2p; http_code = 200; curl_errno = 0; curl_error = 
[2013-10-26 15:29:36] request: https://money.yandex.ru/api/process-payment; token = *CDDA; param request_id = *3238; 
[2013-10-26 15:29:36] response: https://money.yandex.ru/api/process-payment; token = *CDDA; param request_id = *3238; http_code = 200; curl_errno = 0; curl_error = 
[2013-10-26 15:31:20] request: https://sp-money.yandex.ru/oauth/token; 
[2013-10-26 15:31:20] response: https://sp-money.yandex.ru/oauth/token; http_code = 200; curl_errno = 0; curl_error = 
[2013-10-26 15:31:20] request: https://money.yandex.ru/api/request-payment; token = *6650; param to = *8006; param pattern_id = p2p; 
[2013-10-26 15:31:20] response: https://money.yandex.ru/api/request-payment; token = *6650; param to = *8006; param pattern_id = p2p; http_code = 200; curl_errno = 0; curl_error = 
[2013-10-26 15:31:20] request: https://money.yandex.ru/api/process-payment; token = *6650; param request_id = *3238; 
[2013-10-26 15:31:21] response: https://money.yandex.ru/api/process-payment; token = *6650; param request_id = *3238; http_code = 200; curl_errno = 0; curl_error = 
[2013-10-26 15:31:39] request: https://sp-money.yandex.ru/oauth/token; 
[2013-10-26 15:31:39] response: https://sp-money.yandex.ru/oauth/token; http_code = 200; curl_errno = 0; curl_error = 
[2013-10-26 15:31:39] request: https://money.yandex.ru/api/request-payment; token = *C642; param to = *8006; param pattern_id = p2p; 
[2013-10-26 15:31:40] response: https://money.yandex.ru/api/request-payment; token = *C642; param to = *8006; param pattern_id = p2p; http_code = 200; curl_errno = 0; curl_error = 
[2013-10-26 15:31:40] request: https://money.yandex.ru/api/process-payment; token = *C642; param request_id = *3238; 
[2013-10-26 15:31:41] response: https://money.yandex.ru/api/process-payment; token = *C642; param request_id = *3238; http_code = 200; curl_errno = 0; curl_error = 
[2013-10-26 15:32:13] request: https://sp-money.yandex.ru/oauth/token; 
[2013-10-26 15:32:14] response: https://sp-money.yandex.ru/oauth/token; http_code = 200; curl_errno = 0; curl_error = 
[2013-10-26 15:32:14] request: https://money.yandex.ru/api/request-payment; token = *9935; param to = *8006; param pattern_id = p2p; 
[2013-10-26 15:32:14] response: https://money.yandex.ru/api/request-payment; token = *9935; param to = *8006; param pattern_id = p2p; http_code = 200; curl_errno = 0; curl_error = 
[2013-10-26 15:32:14] request: https://money.yandex.ru/api/process-payment; token = *9935; param request_id = *3238; 
[2013-10-26 15:32:15] response: https://money.yandex.ru/api/process-payment; token = *9935; param request_id = *3238; http_code = 200; curl_errno = 0; curl_error = 
[2013-10-26 15:36:22] request: https://sp-money.yandex.ru/oauth/token; 
[2013-10-26 15:36:23] response: https://sp-money.yandex.ru/oauth/token; http_code = 200; curl_errno = 0; curl_error = 
[2013-10-26 15:36:23] request: https://money.yandex.ru/api/request-payment; token = *64AD; param to = *8006; param pattern_id = p2p; 
[2013-10-26 15:36:23] response: https://money.yandex.ru/api/request-payment; token = *64AD; param to = *8006; param pattern_id = p2p; http_code = 200; curl_errno = 0; curl_error = 
[2013-10-26 15:36:56] request: https://sp-money.yandex.ru/oauth/token; 
[2013-10-26 15:36:56] response: https://sp-money.yandex.ru/oauth/token; http_code = 200; curl_errno = 0; curl_error = 
[2013-10-26 15:36:56] request: https://money.yandex.ru/api/request-payment; token = *05AC; param to = *8006; param pattern_id = p2p; 
[2013-10-26 15:36:57] response: https://money.yandex.ru/api/request-payment; token = *05AC; param to = *8006; param pattern_id = p2p; http_code = 200; curl_errno = 0; curl_error = 
[2013-10-26 15:36:57] request: https://money.yandex.ru/api/process-payment; token = *05AC; param request_id = *3238; 
[2013-10-26 15:36:57] response: https://money.yandex.ru/api/process-payment; token = *05AC; param request_id = *3238; http_code = 200; curl_errno = 0; curl_error = 
[2013-10-26 15:52:36] request: https://sp-money.yandex.ru/oauth/token; 
[2013-10-26 15:52:37] response: https://sp-money.yandex.ru/oauth/token; http_code = 200; curl_errno = 0; curl_error = 
[2013-10-26 15:52:37] request: https://money.yandex.ru/api/request-payment; token = *316C; param to = *8006; param pattern_id = p2p; 
[2013-10-26 15:52:37] response: https://money.yandex.ru/api/request-payment; token = *316C; param to = *8006; param pattern_id = p2p; http_code = 200; curl_errno = 0; curl_error = 
[2013-10-26 15:52:37] request: https://money.yandex.ru/api/process-payment; token = *316C; param request_id = *3238; 
[2013-10-26 15:52:38] response: https://money.yandex.ru/api/process-payment; token = *316C; param request_id = *3238; http_code = 200; curl_errno = 0; curl_error = 
[2013-10-26 15:52:45] request: https://sp-money.yandex.ru/oauth/token; 
[2013-10-26 15:52:46] response: https://sp-money.yandex.ru/oauth/token; http_code = 200; curl_errno = 0; curl_error = 
[2013-10-26 15:55:13] request: https://sp-money.yandex.ru/oauth/token; 
[2013-10-26 15:55:13] response: https://sp-money.yandex.ru/oauth/token; http_code = 200; curl_errno = 0; curl_error = 
[2013-10-26 15:55:26] request: https://sp-money.yandex.ru/oauth/token; 
[2013-10-26 15:55:27] response: https://sp-money.yandex.ru/oauth/token; http_code = 200; curl_errno = 0; curl_error = 
[2013-10-26 15:55:27] request: https://money.yandex.ru/api/request-payment; token = *7957; param to = *8006; param pattern_id = p2p; 
[2013-10-26 15:55:27] response: https://money.yandex.ru/api/request-payment; token = *7957; param to = *8006; param pattern_id = p2p; http_code = 200; curl_errno = 0; curl_error = 
[2013-10-26 15:55:27] request: https://money.yandex.ru/api/process-payment; token = *7957; param request_id = *3238; 
[2013-10-26 15:55:28] response: https://money.yandex.ru/api/process-payment; token = *7957; param request_id = *3238; http_code = 200; curl_errno = 0; curl_error = 
[2013-10-26 15:58:17] request: https://sp-money.yandex.ru/oauth/token; 
[2013-10-26 15:58:17] response: https://sp-money.yandex.ru/oauth/token; http_code = 200; curl_errno = 0; curl_error = 
[2013-10-26 15:58:17] request: https://money.yandex.ru/api/request-payment; token = *C636; param to = *8006; param pattern_id = p2p; 
[2013-10-26 15:58:18] response: https://money.yandex.ru/api/request-payment; token = *C636; param to = *8006; param pattern_id = p2p; http_code = 200; curl_errno = 0; curl_error = 
[2013-10-26 15:58:18] request: https://money.yandex.ru/api/process-payment; token = *C636; param request_id = *3238; 
[2013-10-26 15:58:18] response: https://money.yandex.ru/api/process-payment; token = *C636; param request_id = *3238; http_code = 200; curl_errno = 0; curl_error = 
[2013-10-27 04:28:17] request: https://sp-money.yandex.ru/oauth/token; 
[2013-10-27 04:28:18] response: https://sp-money.yandex.ru/oauth/token; http_code = 200; curl_errno = 0; curl_error = 
[2013-10-27 04:28:18] request: https://money.yandex.ru/api/request-payment; token = *1BB7; param to = *8006; param pattern_id = p2p; 
[2013-10-27 04:28:18] response: https://money.yandex.ru/api/request-payment; token = *1BB7; param to = *8006; param pattern_id = p2p; http_code = 200; curl_errno = 0; curl_error = 
[2013-10-27 04:28:18] request: https://money.yandex.ru/api/process-payment; token = *1BB7; param request_id = *3238; 
[2013-10-27 04:28:19] response: https://money.yandex.ru/api/process-payment; token = *1BB7; param request_id = *3238; http_code = 200; curl_errno = 0; curl_error = 
[2013-10-28 12:30:17] request: https://sp-money.yandex.ru/oauth/token; 
[2013-10-28 12:30:17] response: https://sp-money.yandex.ru/oauth/token; http_code = 200; curl_errno = 0; curl_error = 
[2013-10-28 12:30:17] request: https://money.yandex.ru/api/request-payment; token = *B2D0; param to = *8006; param pattern_id = p2p; 
[2013-10-28 12:30:17] response: https://money.yandex.ru/api/request-payment; token = *B2D0; param to = *8006; param pattern_id = p2p; http_code = 403; curl_errno = 0; curl_error = 
[2013-10-28 12:30:52] request: https://sp-money.yandex.ru/oauth/token; 
[2013-10-28 12:30:52] response: https://sp-money.yandex.ru/oauth/token; http_code = 200; curl_errno = 0; curl_error = 
[2013-10-28 12:30:52] request: https://money.yandex.ru/api/request-payment; token = *5FF5; param to = *8006; param pattern_id = p2p; 
[2013-10-28 12:30:53] response: https://money.yandex.ru/api/request-payment; token = *5FF5; param to = *8006; param pattern_id = p2p; http_code = 200; curl_errno = 0; curl_error = 
[2013-10-28 12:30:53] request: https://money.yandex.ru/api/process-payment; token = *5FF5; param request_id = *3238; 
[2013-10-28 12:30:53] response: https://money.yandex.ru/api/process-payment; token = *5FF5; param request_id = *3238; http_code = 200; curl_errno = 0; curl_error = 
[2013-10-28 12:31:44] request: https://sp-money.yandex.ru/oauth/token; 
[2013-10-28 12:31:45] response: https://sp-money.yandex.ru/oauth/token; http_code = 200; curl_errno = 0; curl_error = 
[2013-10-28 12:31:45] request: https://money.yandex.ru/api/request-payment; token = *14AF; param to = *8006; param pattern_id = p2p; 
[2013-10-28 12:31:45] response: https://money.yandex.ru/api/request-payment; token = *14AF; param to = *8006; param pattern_id = p2p; http_code = 403; curl_errno = 0; curl_error = 
[2013-10-28 12:33:25] request: https://sp-money.yandex.ru/oauth/token; 
[2013-10-28 12:33:25] response: https://sp-money.yandex.ru/oauth/token; http_code = 200; curl_errno = 0; curl_error = 
[2013-10-28 12:33:25] request: https://money.yandex.ru/api/request-payment; token = *5337; param to = *8006; param pattern_id = p2p; 
[2013-10-28 12:33:25] response: https://money.yandex.ru/api/request-payment; token = *5337; param to = *8006; param pattern_id = p2p; http_code = 403; curl_errno = 0; curl_error = 
[2013-10-28 12:35:04] request: https://sp-money.yandex.ru/oauth/token; 
[2013-10-28 12:35:04] response: https://sp-money.yandex.ru/oauth/token; http_code = 200; curl_errno = 0; curl_error = 
[2013-10-28 12:35:04] request: https://money.yandex.ru/api/request-payment; token = *CC68; param to = *8006; param pattern_id = p2p; 
[2013-10-28 12:35:05] response: https://money.yandex.ru/api/request-payment; token = *CC68; param to = *8006; param pattern_id = p2p; http_code = 403; curl_errno = 0; curl_error = 
[2013-10-28 12:37:00] request: https://sp-money.yandex.ru/oauth/token; 
[2013-10-28 12:37:00] response: https://sp-money.yandex.ru/oauth/token; http_code = 200; curl_errno = 0; curl_error = 
[2013-10-28 12:37:00] request: https://money.yandex.ru/api/request-payment; token = *EE8F; param to = *8006; param pattern_id = p2p; 
[2013-10-28 12:37:01] response: https://money.yandex.ru/api/request-payment; token = *EE8F; param to = *8006; param pattern_id = p2p; http_code = 403; curl_errno = 0; curl_error = 
[2013-10-28 12:37:48] request: https://sp-money.yandex.ru/oauth/token; 
[2013-10-28 12:37:48] response: https://sp-money.yandex.ru/oauth/token; http_code = 200; curl_errno = 0; curl_error = 
[2013-10-28 12:37:48] request: https://money.yandex.ru/api/request-payment; token = *1479; param to = *8006; param pattern_id = p2p; 
[2013-10-28 12:37:49] response: https://money.yandex.ru/api/request-payment; token = *1479; param to = *8006; param pattern_id = p2p; http_code = 403; curl_errno = 0; curl_error = 
[2013-10-28 12:39:31] request: https://sp-money.yandex.ru/oauth/token; 
[2013-10-28 12:39:31] response: https://sp-money.yandex.ru/oauth/token; http_code = 200; curl_errno = 0; curl_error = 
[2013-10-28 12:39:31] request: https://money.yandex.ru/api/request-payment; token = *1703; param to = *8006; param pattern_id = p2p; 
[2013-10-28 12:39:32] response: https://money.yandex.ru/api/request-payment; token = *1703; param to = *8006; param pattern_id = p2p; http_code = 403; curl_errno = 0; curl_error = 
[2013-10-28 12:40:28] request: https://sp-money.yandex.ru/oauth/token; 
[2013-10-28 12:40:28] response: https://sp-money.yandex.ru/oauth/token; http_code = 200; curl_errno = 0; curl_error = 
[2013-10-28 12:40:50] request: https://sp-money.yandex.ru/oauth/token; 
[2013-10-28 12:40:50] response: https://sp-money.yandex.ru/oauth/token; http_code = 200; curl_errno = 0; curl_error = 
[2013-10-28 12:40:50] request: https://money.yandex.ru/api/request-payment; token = *45B6; param to = *8006; param pattern_id = p2p; 
[2013-10-28 12:40:51] response: https://money.yandex.ru/api/request-payment; token = *45B6; param to = *8006; param pattern_id = p2p; http_code = 403; curl_errno = 0; curl_error = 
[2013-10-28 12:41:13] request: https://sp-money.yandex.ru/oauth/token; 
[2013-10-28 12:41:14] response: https://sp-money.yandex.ru/oauth/token; http_code = 200; curl_errno = 0; curl_error = 
[2013-10-28 12:41:38] request: https://sp-money.yandex.ru/oauth/token; 
[2013-10-28 12:41:38] response: https://sp-money.yandex.ru/oauth/token; http_code = 200; curl_errno = 0; curl_error = 
[2013-10-28 12:42:09] request: https://sp-money.yandex.ru/oauth/token; 
[2013-10-28 12:42:09] response: https://sp-money.yandex.ru/oauth/token; http_code = 200; curl_errno = 0; curl_error = 
[2013-10-28 12:42:33] request: https://sp-money.yandex.ru/oauth/token; 
[2013-10-28 12:42:34] response: https://sp-money.yandex.ru/oauth/token; http_code = 200; curl_errno = 0; curl_error = 
[2013-10-28 12:42:57] request: https://sp-money.yandex.ru/oauth/token; 
[2013-10-28 12:42:57] response: https://sp-money.yandex.ru/oauth/token; http_code = 200; curl_errno = 0; curl_error = 
[2013-10-28 12:43:18] request: https://sp-money.yandex.ru/oauth/token; 
[2013-10-28 12:43:18] response: https://sp-money.yandex.ru/oauth/token; http_code = 200; curl_errno = 0; curl_error = 
[2013-10-28 12:43:18] request: https://money.yandex.ru/api/request-payment; token = *FB12; param to = *8006; param pattern_id = p2p; 
[2013-10-28 12:43:18] response: https://money.yandex.ru/api/request-payment; token = *FB12; param to = *8006; param pattern_id = p2p; http_code = 403; curl_errno = 0; curl_error = 
[2013-10-28 12:44:13] request: https://sp-money.yandex.ru/oauth/token; 
[2013-10-28 12:44:14] response: https://sp-money.yandex.ru/oauth/token; http_code = 200; curl_errno = 0; curl_error = 
[2013-10-28 12:44:14] request: https://money.yandex.ru/api/request-payment; token = *D583; param to = *8006; param pattern_id = p2p; 
[2013-10-28 12:44:14] response: https://money.yandex.ru/api/request-payment; token = *D583; param to = *8006; param pattern_id = p2p; http_code = 403; curl_errno = 0; curl_error = 
[2013-10-28 12:48:56] request: https://sp-money.yandex.ru/oauth/token; 
[2013-10-28 12:48:56] response: https://sp-money.yandex.ru/oauth/token; http_code = 200; curl_errno = 0; curl_error = 
[2013-10-28 12:48:56] request: https://money.yandex.ru/api/request-payment; token = *5BB0; param to = *8006; param pattern_id = p2p; 
[2013-10-28 12:48:57] response: https://money.yandex.ru/api/request-payment; token = *5BB0; param to = *8006; param pattern_id = p2p; http_code = 403; curl_errno = 0; curl_error = 
[2013-10-29 00:38:14] request: https://sp-money.yandex.ru/oauth/token; 
[2013-10-29 00:38:15] response: https://sp-money.yandex.ru/oauth/token; http_code = 200; curl_errno = 0; curl_error = 
[2013-10-29 00:38:15] request: https://money.yandex.ru/api/request-payment; token = *7F84; param to = *9550; param pattern_id = p2p; 
[2013-10-29 00:38:16] response: https://money.yandex.ru/api/request-payment; token = *7F84; param to = *9550; param pattern_id = p2p; http_code = 200; curl_errno = 0; curl_error = 
[2013-10-29 00:38:16] request: https://money.yandex.ru/api/process-payment; token = *7F84; param request_id = *3238; 
[2013-10-29 00:38:17] response: https://money.yandex.ru/api/process-payment; token = *7F84; param request_id = *3238; http_code = 200; curl_errno = 0; curl_error = 
[2013-10-29 01:09:55] request: https://sp-money.yandex.ru/oauth/token; 
[2013-10-29 01:09:56] response: https://sp-money.yandex.ru/oauth/token; http_code = 200; curl_errno = 0; curl_error = 
[2013-10-29 01:09:56] request: https://money.yandex.ru/api/request-payment; token = *A2F8; param to = *9550; param pattern_id = p2p; 
[2013-10-29 01:09:56] response: https://money.yandex.ru/api/request-payment; token = *A2F8; param to = *9550; param pattern_id = p2p; http_code = 200; curl_errno = 0; curl_error = 
[2013-10-29 01:09:56] request: https://money.yandex.ru/api/process-payment; token = *A2F8; param request_id = *3238; 
[2013-10-29 01:09:57] response: https://money.yandex.ru/api/process-payment; token = *A2F8; param request_id = *3238; http_code = 200; curl_errno = 0; curl_error = 
[2013-10-29 01:11:24] request: https://sp-money.yandex.ru/oauth/token; 
[2013-10-29 01:11:24] response: https://sp-money.yandex.ru/oauth/token; http_code = 200; curl_errno = 0; curl_error = 
[2013-10-29 01:11:24] request: https://money.yandex.ru/api/request-payment; token = *3884; param to = *9550; param pattern_id = p2p; 
[2013-10-29 01:11:25] response: https://money.yandex.ru/api/request-payment; token = *3884; param to = *9550; param pattern_id = p2p; http_code = 200; curl_errno = 0; curl_error = 
[2013-10-29 01:11:25] request: https://money.yandex.ru/api/process-payment; token = *3884; param request_id = *3238; 
[2013-10-29 01:11:25] response: https://money.yandex.ru/api/process-payment; token = *3884; param request_id = *3238; http_code = 200; curl_errno = 0; curl_error = 
[2013-10-29 01:11:41] request: https://sp-money.yandex.ru/oauth/token; 
[2013-10-29 01:11:42] response: https://sp-money.yandex.ru/oauth/token; http_code = 200; curl_errno = 0; curl_error = 
[2013-10-29 01:11:42] request: https://money.yandex.ru/api/request-payment; token = *7937; param to = *9550; param pattern_id = p2p; 
[2013-10-29 01:11:42] response: https://money.yandex.ru/api/request-payment; token = *7937; param to = *9550; param pattern_id = p2p; http_code = 200; curl_errno = 0; curl_error = 
[2013-10-29 01:11:42] request: https://money.yandex.ru/api/process-payment; token = *7937; param request_id = *3238; 
[2013-10-29 01:11:43] response: https://money.yandex.ru/api/process-payment; token = *7937; param request_id = *3238; http_code = 200; curl_errno = 0; curl_error = 
[2013-10-29 01:14:06] request: https://sp-money.yandex.ru/oauth/token; 
[2013-10-29 01:14:07] response: https://sp-money.yandex.ru/oauth/token; http_code = 200; curl_errno = 0; curl_error = 
[2013-10-29 01:14:07] request: https://money.yandex.ru/api/request-payment; token = *F23F; param to = *9550; param pattern_id = p2p; 
[2013-10-29 01:14:07] response: https://money.yandex.ru/api/request-payment; token = *F23F; param to = *9550; param pattern_id = p2p; http_code = 200; curl_errno = 0; curl_error = 
[2013-10-29 01:14:07] request: https://money.yandex.ru/api/process-payment; token = *F23F; param request_id = *3238; 
[2013-10-29 01:14:08] response: https://money.yandex.ru/api/process-payment; token = *F23F; param request_id = *3238; http_code = 200; curl_errno = 0; curl_error = 
[2013-10-29 01:15:39] request: https://sp-money.yandex.ru/oauth/token; 
[2013-10-29 01:15:40] response: https://sp-money.yandex.ru/oauth/token; http_code = 200; curl_errno = 0; curl_error = 
[2013-10-29 01:15:40] request: https://money.yandex.ru/api/request-payment; token = *233F; param to = *9550; param pattern_id = p2p; 
[2013-10-29 01:15:40] response: https://money.yandex.ru/api/request-payment; token = *233F; param to = *9550; param pattern_id = p2p; http_code = 200; curl_errno = 0; curl_error = 
[2013-10-29 01:15:40] request: https://money.yandex.ru/api/process-payment; token = *233F; param request_id = *3238; 
[2013-10-29 01:15:41] response: https://money.yandex.ru/api/process-payment; token = *233F; param request_id = *3238; http_code = 200; curl_errno = 0; curl_error = 
[2013-10-29 01:17:28] request: https://sp-money.yandex.ru/oauth/token; 
[2013-10-29 01:17:29] response: https://sp-money.yandex.ru/oauth/token; http_code = 200; curl_errno = 0; curl_error = 
[2013-10-29 01:17:29] request: https://money.yandex.ru/api/request-payment; token = *085A; param to = *9550; param pattern_id = p2p; 
[2013-10-29 01:17:29] response: https://money.yandex.ru/api/request-payment; token = *085A; param to = *9550; param pattern_id = p2p; http_code = 200; curl_errno = 0; curl_error = 
[2013-10-29 01:17:29] request: https://money.yandex.ru/api/process-payment; token = *085A; param request_id = *3238; 
[2013-10-29 01:17:30] response: https://money.yandex.ru/api/process-payment; token = *085A; param request_id = *3238; http_code = 200; curl_errno = 0; curl_error = 
[2013-10-29 01:18:44] request: https://sp-money.yandex.ru/oauth/token; 
[2013-10-29 01:18:44] response: https://sp-money.yandex.ru/oauth/token; http_code = 200; curl_errno = 0; curl_error = 
[2013-10-29 01:18:44] request: https://money.yandex.ru/api/request-payment; token = *3ADE; param to = *9550; param pattern_id = p2p; 
[2013-10-29 01:18:45] response: https://money.yandex.ru/api/request-payment; token = *3ADE; param to = *9550; param pattern_id = p2p; http_code = 200; curl_errno = 0; curl_error = 
[2013-10-29 01:18:45] request: https://money.yandex.ru/api/process-payment; token = *3ADE; param request_id = *3238; 
[2013-10-29 01:18:46] response: https://money.yandex.ru/api/process-payment; token = *3ADE; param request_id = *3238; http_code = 200; curl_errno = 0; curl_error = 
[2013-10-29 01:19:22] request: https://sp-money.yandex.ru/oauth/token; 
[2013-10-29 01:19:22] response: https://sp-money.yandex.ru/oauth/token; http_code = 200; curl_errno = 0; curl_error = 
[2013-10-29 01:19:22] request: https://money.yandex.ru/api/request-payment; token = *56B6; param to = *9550; param pattern_id = p2p; 
[2013-10-29 01:19:23] response: https://money.yandex.ru/api/request-payment; token = *56B6; param to = *9550; param pattern_id = p2p; http_code = 200; curl_errno = 0; curl_error = 
[2013-10-29 01:19:23] request: https://money.yandex.ru/api/process-payment; token = *56B6; param request_id = *3238; 
[2013-10-29 01:19:23] response: https://money.yandex.ru/api/process-payment; token = *56B6; param request_id = *3238; http_code = 200; curl_errno = 0; curl_error = 
[2013-10-29 01:20:12] request: https://sp-money.yandex.ru/oauth/token; 
[2013-10-29 01:20:12] response: https://sp-money.yandex.ru/oauth/token; http_code = 200; curl_errno = 0; curl_error = 
[2013-10-29 01:20:12] request: https://money.yandex.ru/api/request-payment; token = *DB99; param to = *9550; param pattern_id = p2p; 
[2013-10-29 01:20:13] response: https://money.yandex.ru/api/request-payment; token = *DB99; param to = *9550; param pattern_id = p2p; http_code = 200; curl_errno = 0; curl_error = 
[2013-10-29 01:20:13] request: https://money.yandex.ru/api/process-payment; token = *DB99; param request_id = *3238; 
[2013-10-29 01:20:14] response: https://money.yandex.ru/api/process-payment; token = *DB99; param request_id = *3238; http_code = 200; curl_errno = 0; curl_error = 
[2013-10-29 01:46:30] request: https://sp-money.yandex.ru/oauth/token; 
[2013-10-29 01:46:30] response: https://sp-money.yandex.ru/oauth/token; http_code = 200; curl_errno = 0; curl_error = 
[2013-10-29 01:46:30] request: https://money.yandex.ru/api/request-payment; token = *E539; param to = *8006; param pattern_id = p2p; 
[2013-10-29 01:46:31] response: https://money.yandex.ru/api/request-payment; token = *E539; param to = *8006; param pattern_id = p2p; http_code = 200; curl_errno = 0; curl_error = 
[2013-10-29 01:46:31] request: https://money.yandex.ru/api/process-payment; token = *E539; param request_id = *3238; 
[2013-10-29 01:46:32] response: https://money.yandex.ru/api/process-payment; token = *E539; param request_id = *3238; http_code = 200; curl_errno = 0; curl_error = 
[2013-10-29 01:46:51] request: https://sp-money.yandex.ru/oauth/token; 
[2013-10-29 01:46:51] response: https://sp-money.yandex.ru/oauth/token; http_code = 200; curl_errno = 0; curl_error = 
[2013-10-29 01:46:51] request: https://money.yandex.ru/api/request-payment; token = *FC75; param to = *8006; param pattern_id = p2p; 
[2013-10-29 01:46:52] response: https://money.yandex.ru/api/request-payment; token = *FC75; param to = *8006; param pattern_id = p2p; http_code = 200; curl_errno = 0; curl_error = 
[2013-10-29 01:46:52] request: https://money.yandex.ru/api/process-payment; token = *FC75; param request_id = *3238; 
[2013-10-29 01:46:52] response: https://money.yandex.ru/api/process-payment; token = *FC75; param request_id = *3238; http_code = 200; curl_errno = 0; curl_error = 
[2013-10-29 01:48:14] request: https://sp-money.yandex.ru/oauth/token; 
[2013-10-29 01:48:15] response: https://sp-money.yandex.ru/oauth/token; http_code = 200; curl_errno = 0; curl_error = 
[2013-10-29 01:48:15] request: https://money.yandex.ru/api/request-payment; token = *9613; param to = *8006; param pattern_id = p2p; 
[2013-10-29 01:48:15] response: https://money.yandex.ru/api/request-payment; token = *9613; param to = *8006; param pattern_id = p2p; http_code = 200; curl_errno = 0; curl_error = 
[2013-10-29 01:48:15] request: https://money.yandex.ru/api/process-payment; token = *9613; param request_id = *3238; 
[2013-10-29 01:48:16] response: https://money.yandex.ru/api/process-payment; token = *9613; param request_id = *3238; http_code = 200; curl_errno = 0; curl_error = 
[2013-11-01 02:14:02] request: https://sp-money.yandex.ru/oauth/token; 
[2013-11-01 02:14:02] response: https://sp-money.yandex.ru/oauth/token; http_code = 200; curl_errno = 0; curl_error = 
[2013-11-01 02:14:02] request: https://money.yandex.ru/api/request-payment; token = *4CB9; param to = *2684; param pattern_id = p2p; 
[2013-11-01 02:14:02] response: https://money.yandex.ru/api/request-payment; token = *4CB9; param to = *2684; param pattern_id = p2p; http_code = 200; curl_errno = 0; curl_error = 
[2013-11-01 02:18:51] request: https://sp-money.yandex.ru/oauth/token; 
[2013-11-01 02:18:52] response: https://sp-money.yandex.ru/oauth/token; http_code = 200; curl_errno = 0; curl_error = 
[2013-11-01 02:18:52] request: https://money.yandex.ru/api/request-payment; token = *DEE2; param to = *2684; param pattern_id = p2p; 
[2013-11-01 02:18:52] response: https://money.yandex.ru/api/request-payment; token = *DEE2; param to = *2684; param pattern_id = p2p; http_code = 200; curl_errno = 0; curl_error = 
[2013-11-01 14:03:50] request: https://sp-money.yandex.ru/oauth/token; 
[2013-11-01 14:03:50] response: https://sp-money.yandex.ru/oauth/token; http_code = 200; curl_errno = 0; curl_error = 
[2013-11-01 14:03:50] request: https://money.yandex.ru/api/request-payment; token = *DAEC; param to = *2684; param pattern_id = p2p; 
[2013-11-01 14:03:51] response: https://money.yandex.ru/api/request-payment; token = *DAEC; param to = *2684; param pattern_id = p2p; http_code = 200; curl_errno = 0; curl_error = 
[2013-11-01 14:03:51] request: https://money.yandex.ru/api/process-payment; token = *DAEC; param request_id = *3735; 
[2013-11-01 14:03:52] response: https://money.yandex.ru/api/process-payment; token = *DAEC; param request_id = *3735; http_code = 200; curl_errno = 0; curl_error = 
[2013-11-05 12:33:46] request: https://sp-money.yandex.ru/oauth/token; 
[2013-11-05 12:33:47] response: https://sp-money.yandex.ru/oauth/token; http_code = 200; curl_errno = 0; curl_error = 
[2013-11-05 12:33:47] request: https://money.yandex.ru/api/request-payment; token = *5BC7; param to = *2684; param pattern_id = p2p; 
[2013-11-05 12:33:47] response: https://money.yandex.ru/api/request-payment; token = *5BC7; param to = *2684; param pattern_id = p2p; http_code = 403; curl_errno = 0; curl_error = 
[2013-11-05 12:35:03] request: https://sp-money.yandex.ru/oauth/token; 
[2013-11-05 12:35:04] response: https://sp-money.yandex.ru/oauth/token; http_code = 200; curl_errno = 0; curl_error = 
[2013-11-05 12:35:04] request: https://money.yandex.ru/api/request-payment; token = *5076; param to = *2684; param pattern_id = p2p; 
[2013-11-05 12:35:04] response: https://money.yandex.ru/api/request-payment; token = *5076; param to = *2684; param pattern_id = p2p; http_code = 403; curl_errno = 0; curl_error = 
[2013-11-05 12:35:38] request: https://sp-money.yandex.ru/oauth/token; 
[2013-11-05 12:35:38] response: https://sp-money.yandex.ru/oauth/token; http_code = 200; curl_errno = 0; curl_error = 
[2013-11-05 12:35:38] request: https://money.yandex.ru/api/request-payment; token = *CD7F; param to = *2684; param pattern_id = p2p; 
[2013-11-05 12:35:39] response: https://money.yandex.ru/api/request-payment; token = *CD7F; param to = *2684; param pattern_id = p2p; http_code = 403; curl_errno = 0; curl_error = 
[2013-11-05 12:36:13] request: https://sp-money.yandex.ru/oauth/token; 
[2013-11-05 12:36:13] response: https://sp-money.yandex.ru/oauth/token; http_code = 200; curl_errno = 0; curl_error = 
[2013-11-05 12:36:13] request: https://money.yandex.ru/api/request-payment; token = *2990; param to = *2684; param pattern_id = p2p; 
[2013-11-05 12:36:13] response: https://money.yandex.ru/api/request-payment; token = *2990; param to = *2684; param pattern_id = p2p; http_code = 403; curl_errno = 0; curl_error = 
[2013-11-05 14:34:47] request: https://sp-money.yandex.ru/oauth/token; 
[2013-11-05 14:34:47] response: https://sp-money.yandex.ru/oauth/token; http_code = 200; curl_errno = 0; curl_error = 
[2013-11-05 14:34:47] request: https://money.yandex.ru/api/request-payment; token = *147D; param to = *2684; param pattern_id = p2p; 
[2013-11-05 14:34:48] response: https://money.yandex.ru/api/request-payment; token = *147D; param to = *2684; param pattern_id = p2p; http_code = 403; curl_errno = 0; curl_error = 
[2013-11-05 14:38:05] request: https://sp-money.yandex.ru/oauth/token; 
[2013-11-05 14:38:06] response: https://sp-money.yandex.ru/oauth/token; http_code = 200; curl_errno = 0; curl_error = 
[2013-11-05 14:38:06] request: https://money.yandex.ru/api/request-payment; token = *EAC1; param to = *2684; param pattern_id = p2p; 
[2013-11-05 14:38:07] response: https://money.yandex.ru/api/request-payment; token = *EAC1; param to = *2684; param pattern_id = p2p; http_code = 200; curl_errno = 0; curl_error = 
[2013-11-05 14:38:07] request: https://money.yandex.ru/api/process-payment; token = *EAC1; param request_id = *3236; 
[2013-11-05 14:38:08] response: https://money.yandex.ru/api/process-payment; token = *EAC1; param request_id = *3236; http_code = 200; curl_errno = 0; curl_error = 
[2013-11-05 14:47:01] request: https://sp-money.yandex.ru/oauth/token; 
[2013-11-05 14:47:01] response: https://sp-money.yandex.ru/oauth/token; http_code = 200; curl_errno = 0; curl_error = 
[2013-11-05 14:47:01] request: https://money.yandex.ru/api/request-payment; token = *7588; param to = *2684; param pattern_id = p2p; 
[2013-11-05 14:47:02] response: https://money.yandex.ru/api/request-payment; token = *7588; param to = *2684; param pattern_id = p2p; http_code = 200; curl_errno = 0; curl_error = 
[2013-11-05 14:47:02] request: https://money.yandex.ru/api/process-payment; token = *7588; param request_id = *3236; 
[2013-11-05 14:47:03] response: https://money.yandex.ru/api/process-payment; token = *7588; param request_id = *3236; http_code = 200; curl_errno = 0; curl_error = 
[2013-11-05 14:51:00] request: https://sp-money.yandex.ru/oauth/token; 
[2013-11-05 14:51:01] response: https://sp-money.yandex.ru/oauth/token; http_code = 200; curl_errno = 0; curl_error = 
[2013-11-05 14:51:01] request: https://money.yandex.ru/api/request-payment; token = *FCC1; param to = *2684; param pattern_id = p2p; 
[2013-11-05 14:51:01] response: https://money.yandex.ru/api/request-payment; token = *FCC1; param to = *2684; param pattern_id = p2p; http_code = 200; curl_errno = 0; curl_error = 
[2013-11-05 14:51:01] request: https://money.yandex.ru/api/process-payment; token = *FCC1; param request_id = *3236; 
[2013-11-05 14:51:02] response: https://money.yandex.ru/api/process-payment; token = *FCC1; param request_id = *3236; http_code = 200; curl_errno = 0; curl_error = 
[2013-11-05 14:51:08] request: https://sp-money.yandex.ru/oauth/token; 
[2013-11-05 14:51:09] response: https://sp-money.yandex.ru/oauth/token; http_code = 200; curl_errno = 0; curl_error = 
[2013-11-05 14:52:14] request: https://sp-money.yandex.ru/oauth/token; 
[2013-11-05 14:52:15] response: https://sp-money.yandex.ru/oauth/token; http_code = 200; curl_errno = 0; curl_error = 
[2013-11-05 14:52:15] request: https://money.yandex.ru/api/request-payment; token = *3580; param to = *2684; param pattern_id = p2p; 
[2013-11-05 14:52:15] response: https://money.yandex.ru/api/request-payment; token = *3580; param to = *2684; param pattern_id = p2p; http_code = 200; curl_errno = 0; curl_error = 
[2013-11-05 14:52:15] request: https://money.yandex.ru/api/process-payment; token = *3580; param request_id = *3035; 
[2013-11-05 14:52:17] response: https://money.yandex.ru/api/process-payment; token = *3580; param request_id = *3035; http_code = 200; curl_errno = 0; curl_error = 
[2013-11-05 15:03:41] request: https://sp-money.yandex.ru/oauth/token; 
[2013-11-05 15:03:41] response: https://sp-money.yandex.ru/oauth/token; http_code = 200; curl_errno = 0; curl_error = 
[2013-11-05 15:03:41] request: https://money.yandex.ru/api/request-payment; token = *FA66; param to = *2684; param pattern_id = p2p; 
[2013-11-05 15:03:42] response: https://money.yandex.ru/api/request-payment; token = *FA66; param to = *2684; param pattern_id = p2p; http_code = 200; curl_errno = 0; curl_error = 
[2013-11-05 15:03:42] request: https://money.yandex.ru/api/process-payment; token = *FA66; param request_id = *3236; 
[2013-11-05 15:03:42] response: https://money.yandex.ru/api/process-payment; token = *FA66; param request_id = *3236; http_code = 200; curl_errno = 0; curl_error = 
[2013-11-10 21:37:31] request: https://sp-money.yandex.ru/oauth/token; 
[2013-11-10 21:37:31] response: https://sp-money.yandex.ru/oauth/token; http_code = 200; curl_errno = 0; curl_error = 
[2013-11-10 21:37:31] request: https://money.yandex.ru/api/request-payment; token = *9192; param to = *2684; param pattern_id = p2p; 
[2013-11-10 21:37:32] response: https://money.yandex.ru/api/request-payment; token = *9192; param to = *2684; param pattern_id = p2p; http_code = 200; curl_errno = 0; curl_error = 
[2013-11-10 21:37:32] request: https://money.yandex.ru/api/process-payment; token = *9192; param request_id = *3536; 
[2013-11-10 21:37:34] response: https://money.yandex.ru/api/process-payment; token = *9192; param request_id = *3536; http_code = 200; curl_errno = 0; curl_error = 
[2013-11-18 20:48:40] request: https://sp-money.yandex.ru/oauth/token; 
[2013-11-18 20:48:41] response: https://sp-money.yandex.ru/oauth/token; http_code = 200; curl_errno = 0; curl_error = 
[2013-11-18 20:48:41] request: https://money.yandex.ru/api/request-payment; token = *CD51; param to = *2684; param pattern_id = p2p; 
[2013-11-18 20:48:42] response: https://money.yandex.ru/api/request-payment; token = *CD51; param to = *2684; param pattern_id = p2p; http_code = 200; curl_errno = 0; curl_error = 
[2013-11-18 20:48:42] request: https://money.yandex.ru/api/process-payment; token = *CD51; param request_id = *3735; 
[2013-11-18 20:48:42] response: https://money.yandex.ru/api/process-payment; token = *CD51; param request_id = *3735; http_code = 200; curl_errno = 0; curl_error = 
[2013-11-18 20:49:33] request: https://sp-money.yandex.ru/oauth/token; 
[2013-11-18 20:49:34] response: https://sp-money.yandex.ru/oauth/token; http_code = 200; curl_errno = 0; curl_error = 
[2013-11-18 20:49:34] request: https://money.yandex.ru/api/request-payment; token = *4746; param to = *2684; param pattern_id = p2p; 
[2013-11-18 20:49:34] response: https://money.yandex.ru/api/request-payment; token = *4746; param to = *2684; param pattern_id = p2p; http_code = 200; curl_errno = 0; curl_error = 
[2013-11-18 20:49:34] request: https://money.yandex.ru/api/process-payment; token = *4746; param request_id = *3735; 
[2013-11-18 20:49:35] response: https://money.yandex.ru/api/process-payment; token = *4746; param request_id = *3735; http_code = 200; curl_errno = 0; curl_error = 
[2013-11-26 02:10:15] request: https://sp-money.yandex.ru/oauth/token; 
[2013-11-26 02:10:16] response: https://sp-money.yandex.ru/oauth/token; http_code = 200; curl_errno = 0; curl_error = 
[2013-11-26 02:10:16] request: https://money.yandex.ru/api/request-payment; token = *1031; param to = *2684; param pattern_id = p2p; 
[2013-11-26 02:10:16] response: https://money.yandex.ru/api/request-payment; token = *1031; param to = *2684; param pattern_id = p2p; http_code = 200; curl_errno = 0; curl_error = 
[2013-11-26 02:10:39] request: https://sp-money.yandex.ru/oauth/token; 
[2013-11-26 02:10:39] response: https://sp-money.yandex.ru/oauth/token; http_code = 200; curl_errno = 0; curl_error = 
[2013-11-26 02:10:39] request: https://money.yandex.ru/api/request-payment; token = *29CD; param to = *2684; param pattern_id = p2p; 
[2013-11-26 02:10:40] response: https://money.yandex.ru/api/request-payment; token = *29CD; param to = *2684; param pattern_id = p2p; http_code = 200; curl_errno = 0; curl_error = 
[2013-11-28 20:02:39] request: https://sp-money.yandex.ru/oauth/token; 
[2013-11-28 20:02:40] response: https://sp-money.yandex.ru/oauth/token; http_code = 200; curl_errno = 0; curl_error = 
[2013-11-28 20:02:40] request: https://money.yandex.ru/api/request-payment; token = *42D4; param to = *2684; param pattern_id = p2p; 
[2013-11-28 20:02:41] response: https://money.yandex.ru/api/request-payment; token = *42D4; param to = *2684; param pattern_id = p2p; http_code = 200; curl_errno = 0; curl_error = 
[2013-11-28 20:02:41] request: https://money.yandex.ru/api/process-payment; token = *42D4; param request_id = *3735; 
[2013-11-28 20:02:41] response: https://money.yandex.ru/api/process-payment; token = *42D4; param request_id = *3735; http_code = 200; curl_errno = 0; curl_error = 
[2013-11-29 16:39:34] request: https://sp-money.yandex.ru/oauth/token; 
[2013-11-29 16:39:35] response: https://sp-money.yandex.ru/oauth/token; http_code = 200; curl_errno = 0; curl_error = 
[2013-11-29 16:39:35] request: https://money.yandex.ru/api/request-payment; token = *F76A; param to = *2684; param pattern_id = p2p; 
[2013-11-29 16:39:35] response: https://money.yandex.ru/api/request-payment; token = *F76A; param to = *2684; param pattern_id = p2p; http_code = 200; curl_errno = 0; curl_error = 
[2013-11-29 16:39:35] request: https://money.yandex.ru/api/process-payment; token = *F76A; param request_id = *3735; 
[2013-11-29 16:39:36] response: https://money.yandex.ru/api/process-payment; token = *F76A; param request_id = *3735; http_code = 200; curl_errno = 0; curl_error = 
[2013-11-29 16:39:37] request: https://sp-money.yandex.ru/oauth/token; 
[2013-11-29 16:39:38] response: https://sp-money.yandex.ru/oauth/token; http_code = 200; curl_errno = 0; curl_error = 
[2013-11-29 16:39:38] request: https://money.yandex.ru/api/request-payment; token = *BF90; param to = *2684; param pattern_id = p2p; 
[2013-11-29 16:39:38] response: https://money.yandex.ru/api/request-payment; token = *BF90; param to = *2684; param pattern_id = p2p; http_code = 200; curl_errno = 0; curl_error = 
[2013-11-29 16:39:38] request: https://money.yandex.ru/api/process-payment; token = *BF90; param request_id = *3735; 
[2013-11-29 16:39:39] response: https://money.yandex.ru/api/process-payment; token = *BF90; param request_id = *3735; http_code = 200; curl_errno = 0; curl_error = 
[2013-11-29 16:39:56] request: https://sp-money.yandex.ru/oauth/token; 
[2013-11-29 16:39:57] response: https://sp-money.yandex.ru/oauth/token; http_code = 200; curl_errno = 0; curl_error = 
[2013-11-29 16:39:57] request: https://money.yandex.ru/api/request-payment; token = *EEBE; param to = *2684; param pattern_id = p2p; 
[2013-11-29 16:39:57] response: https://money.yandex.ru/api/request-payment; token = *EEBE; param to = *2684; param pattern_id = p2p; http_code = 200; curl_errno = 0; curl_error = 
[2013-11-29 16:39:57] request: https://money.yandex.ru/api/process-payment; token = *EEBE; param request_id = *3735; 
[2013-11-29 16:39:58] response: https://money.yandex.ru/api/process-payment; token = *EEBE; param request_id = *3735; http_code = 200; curl_errno = 0; curl_error = 
[2013-11-30 02:04:22] request: https://sp-money.yandex.ru/oauth/token; 
[2013-11-30 02:04:23] response: https://sp-money.yandex.ru/oauth/token; http_code = 200; curl_errno = 0; curl_error = 
[2013-11-30 02:04:23] request: https://money.yandex.ru/api/request-payment; token = *55C5; param to = *2684; param pattern_id = p2p; 
[2013-11-30 02:04:24] response: https://money.yandex.ru/api/request-payment; token = *55C5; param to = *2684; param pattern_id = p2p; http_code = 200; curl_errno = 0; curl_error = 
[2013-11-30 02:04:24] request: https://money.yandex.ru/api/process-payment; token = *55C5; param request_id = *3236; 
[2013-11-30 02:04:25] response: https://money.yandex.ru/api/process-payment; token = *55C5; param request_id = *3236; http_code = 200; curl_errno = 0; curl_error = 
[2013-11-30 02:25:50] request: https://sp-money.yandex.ru/oauth/token; 
[2013-11-30 02:25:50] response: https://sp-money.yandex.ru/oauth/token; http_code = 200; curl_errno = 0; curl_error = 
[2013-11-30 02:25:50] request: https://money.yandex.ru/api/request-payment; token = *4B92; param to = *2684; param pattern_id = p2p; 
[2013-11-30 02:25:50] response: https://money.yandex.ru/api/request-payment; token = *4B92; param to = *2684; param pattern_id = p2p; http_code = 200; curl_errno = 0; curl_error = 
[2013-11-30 02:26:04] request: https://sp-money.yandex.ru/oauth/token; 
[2013-11-30 02:26:05] response: https://sp-money.yandex.ru/oauth/token; http_code = 200; curl_errno = 0; curl_error = 
[2013-11-30 02:26:05] request: https://money.yandex.ru/api/request-payment; token = *3B79; param to = *2684; param pattern_id = p2p; 
[2013-11-30 02:26:05] response: https://money.yandex.ru/api/request-payment; token = *3B79; param to = *2684; param pattern_id = p2p; http_code = 200; curl_errno = 0; curl_error = 
[2013-11-30 02:26:49] request: https://sp-money.yandex.ru/oauth/token; 
[2013-11-30 02:26:50] response: https://sp-money.yandex.ru/oauth/token; http_code = 200; curl_errno = 0; curl_error = 
[2013-11-30 02:26:50] request: https://money.yandex.ru/api/request-payment; token = *12B2; param to = *2684; param pattern_id = p2p; 
[2013-11-30 02:26:50] response: https://money.yandex.ru/api/request-payment; token = *12B2; param to = *2684; param pattern_id = p2p; http_code = 200; curl_errno = 0; curl_error = 
[2013-11-30 02:33:46] request: https://sp-money.yandex.ru/oauth/token; 
[2013-11-30 02:33:47] response: https://sp-money.yandex.ru/oauth/token; http_code = 200; curl_errno = 0; curl_error = 
[2013-11-30 02:33:47] request: https://money.yandex.ru/api/request-payment; token = *0D2B; param to = *2684; param pattern_id = p2p; 
[2013-11-30 02:33:47] response: https://money.yandex.ru/api/request-payment; token = *0D2B; param to = *2684; param pattern_id = p2p; http_code = 200; curl_errno = 0; curl_error = 
[2013-11-30 02:33:47] request: https://money.yandex.ru/api/process-payment; token = *0D2B; param request_id = *3035; 
[2013-11-30 02:33:48] response: https://money.yandex.ru/api/process-payment; token = *0D2B; param request_id = *3035; http_code = 200; curl_errno = 0; curl_error = 
[2013-12-03 21:32:07] request: https://sp-money.yandex.ru/oauth/token; 
[2013-12-03 21:32:08] response: https://sp-money.yandex.ru/oauth/token; http_code = 200; curl_errno = 0; curl_error = 
[2013-12-03 21:32:08] request: https://money.yandex.ru/api/request-payment; token = *766F; param to = *2684; param pattern_id = p2p; 
[2013-12-03 21:32:09] response: https://money.yandex.ru/api/request-payment; token = *766F; param to = *2684; param pattern_id = p2p; http_code = 200; curl_errno = 0; curl_error = 
[2013-12-03 21:37:37] request: https://sp-money.yandex.ru/oauth/token; 
[2013-12-03 21:37:38] response: https://sp-money.yandex.ru/oauth/token; http_code = 200; curl_errno = 0; curl_error = 
[2013-12-03 21:37:38] request: https://money.yandex.ru/api/request-payment; token = *F53E; param to = *2684; param pattern_id = p2p; 
[2013-12-03 21:37:38] response: https://money.yandex.ru/api/request-payment; token = *F53E; param to = *2684; param pattern_id = p2p; http_code = 200; curl_errno = 0; curl_error = 
[2013-12-03 21:44:30] request: https://sp-money.yandex.ru/oauth/token; 
[2013-12-03 21:44:30] response: https://sp-money.yandex.ru/oauth/token; http_code = 200; curl_errno = 0; curl_error = 
[2013-12-03 21:44:30] request: https://money.yandex.ru/api/request-payment; token = *A95E; param to = *2684; param pattern_id = p2p; 
[2013-12-03 21:44:32] response: https://money.yandex.ru/api/request-payment; token = *A95E; param to = *2684; param pattern_id = p2p; http_code = 200; curl_errno = 0; curl_error = 
[2013-12-03 21:45:26] request: https://sp-money.yandex.ru/oauth/token; 
[2013-12-03 21:45:27] response: https://sp-money.yandex.ru/oauth/token; http_code = 200; curl_errno = 0; curl_error = 
[2013-12-03 21:45:56] request: https://sp-money.yandex.ru/oauth/token; 
[2013-12-03 21:45:56] response: https://sp-money.yandex.ru/oauth/token; http_code = 200; curl_errno = 0; curl_error = 
[2013-12-03 21:45:56] request: https://money.yandex.ru/api/request-payment; token = *7452; param to = *2684; param pattern_id = p2p; 
[2013-12-03 21:45:57] response: https://money.yandex.ru/api/request-payment; token = *7452; param to = *2684; param pattern_id = p2p; http_code = 200; curl_errno = 0; curl_error = 
[2013-12-03 21:47:53] request: https://sp-money.yandex.ru/oauth/token; 
[2013-12-03 21:47:53] response: https://sp-money.yandex.ru/oauth/token; http_code = 200; curl_errno = 0; curl_error = 
[2013-12-03 21:48:18] request: https://sp-money.yandex.ru/oauth/token; 
[2013-12-03 21:48:19] response: https://sp-money.yandex.ru/oauth/token; http_code = 200; curl_errno = 0; curl_error = 
[2013-12-03 21:48:19] request: https://money.yandex.ru/api/request-payment; token = *068E; param to = *2684; param pattern_id = p2p; 
[2013-12-03 21:48:19] response: https://money.yandex.ru/api/request-payment; token = *068E; param to = *2684; param pattern_id = p2p; http_code = 200; curl_errno = 0; curl_error = 
[2013-12-03 21:54:57] request: https://sp-money.yandex.ru/oauth/token; 
[2013-12-03 21:54:57] response: https://sp-money.yandex.ru/oauth/token; http_code = 200; curl_errno = 0; curl_error = 
[2013-12-03 21:54:57] request: https://money.yandex.ru/api/request-payment; token = *6BBD; param to = *2684; param pattern_id = p2p; 
[2013-12-03 21:54:58] response: https://money.yandex.ru/api/request-payment; token = *6BBD; param to = *2684; param pattern_id = p2p; http_code = 200; curl_errno = 0; curl_error = 
[2013-12-04 18:32:33] request: https://sp-money.yandex.ru/oauth/token; 
[2013-12-04 18:32:34] response: https://sp-money.yandex.ru/oauth/token; http_code = 200; curl_errno = 0; curl_error = 
[2013-12-04 18:32:34] request: https://money.yandex.ru/api/request-payment; token = *ECE8; param to = *2684; param pattern_id = p2p; 
[2013-12-04 18:32:34] response: https://money.yandex.ru/api/request-payment; token = *ECE8; param to = *2684; param pattern_id = p2p; http_code = 200; curl_errno = 0; curl_error = 
[2013-12-26 13:28:38] request: https://sp-money.yandex.ru/oauth/token; 
[2013-12-26 13:28:38] response: https://sp-money.yandex.ru/oauth/token; http_code = 200; curl_errno = 0; curl_error = 
[2013-12-26 13:28:38] request: https://money.yandex.ru/api/request-payment; token = *0729; param to = *2684; param pattern_id = p2p; 
[2013-12-26 13:28:39] response: https://money.yandex.ru/api/request-payment; token = *0729; param to = *2684; param pattern_id = p2p; http_code = 200; curl_errno = 0; curl_error = 
[2013-12-26 13:28:39] request: https://money.yandex.ru/api/process-payment; token = *0729; param request_id = *3735; 
[2013-12-26 13:28:40] response: https://money.yandex.ru/api/process-payment; token = *0729; param request_id = *3735; http_code = 200; curl_errno = 0; curl_error = 
[2014-01-10 00:20:32] request: https://sp-money.yandex.ru/oauth/token; 
[2014-01-10 00:20:33] response: https://sp-money.yandex.ru/oauth/token; http_code = 200; curl_errno = 0; curl_error = 
[2014-01-10 00:20:33] request: https://money.yandex.ru/api/request-payment; token = *C17D; param to = *2684; param pattern_id = p2p; 
[2014-01-10 00:20:33] response: https://money.yandex.ru/api/request-payment; token = *C17D; param to = *2684; param pattern_id = p2p; http_code = 200; curl_errno = 0; curl_error = 
[2014-01-15 02:47:53] request: https://sp-money.yandex.ru/oauth/token; 
[2014-01-15 02:47:53] response: https://sp-money.yandex.ru/oauth/token; http_code = 200; curl_errno = 0; curl_error = 
[2014-01-15 02:47:53] request: https://money.yandex.ru/api/request-payment; token = *B180; param to = *2684; param pattern_id = p2p; 
[2014-01-15 02:47:53] response: https://money.yandex.ru/api/request-payment; token = *B180; param to = *2684; param pattern_id = p2p; http_code = 200; curl_errno = 0; curl_error = 
[2014-01-15 02:49:47] request: https://sp-money.yandex.ru/oauth/token; 
[2014-01-15 02:49:47] response: https://sp-money.yandex.ru/oauth/token; http_code = 200; curl_errno = 0; curl_error = 
[2014-01-15 02:49:47] request: https://money.yandex.ru/api/request-payment; token = *3653; param to = *2684; param pattern_id = p2p; 
[2014-01-15 02:49:47] response: https://money.yandex.ru/api/request-payment; token = *3653; param to = *2684; param pattern_id = p2p; http_code = 200; curl_errno = 0; curl_error = 
[2014-01-15 02:49:47] request: https://money.yandex.ru/api/process-payment; token = *3653; param request_id = *3035; 
[2014-01-15 02:49:48] response: https://money.yandex.ru/api/process-payment; token = *3653; param request_id = *3035; http_code = 200; curl_errno = 0; curl_error = 
[2014-01-16 00:52:13] request: https://sp-money.yandex.ru/oauth/token; 
[2014-01-16 00:52:14] response: https://sp-money.yandex.ru/oauth/token; http_code = 0; curl_errno = 60; curl_error = Peer certificate cannot be authenticated with known CA certificates
